<?xml version="1.0" encoding="UTF-8"?>
<robot generator="Robot 4.1 (Python 3.8.5 on win32)" generated="20211004 17:16:53.983" rpa="false" schemaversion="2">
<suite id="s1" name="RACH Testsuite" source="C:\Users\Admin\PycharmProjects\5G_Automation\Testsuite\RACH_Testsuite.robot">
<test id="s1-t1" name="TC_attach_1.3: Initial registration with correct HNI">
<kw name="Unlock A Window Folder" library="attach_keyword">
<kw name="Unlock" library="attach_function">
<msg timestamp="20211004 17:16:55.428" level="INFO">Locker Folder has been Successfully Unlocked</msg>
<status status="PASS" starttime="20211004 17:16:54.991" endtime="20211004 17:16:55.428"/>
</kw>
<status status="PASS" starttime="20211004 17:16:54.990" endtime="20211004 17:16:55.429"/>
</kw>
<status status="PASS" starttime="20211004 17:16:54.988" endtime="20211004 17:16:55.430"/>
</test>
<status status="PASS" starttime="20211004 17:16:53.992" endtime="20211004 17:16:55.440"/>
</suite>
<statistics>
<total>
<stat pass="1" fail="0" skip="0">All Tests</stat>
</total>
<tag>
</tag>
<suite>
<stat pass="1" fail="0" skip="0" id="s1" name="RACH Testsuite">RACH Testsuite</stat>
</suite>
</statistics>
<errors>
</errors>
</robot>
