<?xml version="1.0" encoding="UTF-8"?>
<robot generator="Robot 4.1 (Python 3.8.5 on win32)" generated="20211028 13:42:54.417" rpa="false" schemaversion="2">
<suite id="s1" name="5G Testsuite" source="C:\Users\Admin\PycharmProjects\5G_Automation\Testsuite\5G_Testsuite.robot">
<test id="s1-t1" name="TC_F1_1.13: UE context release request gnb-du intiated">
<kw name="Unlock A Window Folder" library="5G_keyword">
<kw name="Unlock" library="attach_function">
<msg timestamp="20211028 13:42:54.730" level="INFO">Locker folder is not LOCKED</msg>
<status status="PASS" starttime="20211028 13:42:54.729" endtime="20211028 13:42:54.730"/>
</kw>
<status status="PASS" starttime="20211028 13:42:54.729" endtime="20211028 13:42:54.730"/>
</kw>
<kw name="UE Context release (DU) validation" library="5G_keyword">
<kw name="UE Context Release Request DU Intiated" library="Ran">
<status status="PASS" starttime="20211028 13:42:54.732" endtime="20211028 13:42:54.761"/>
</kw>
<kw name="Mov Ran Files" library="Ran">
<status status="PASS" starttime="20211028 13:42:54.762" endtime="20211028 13:42:54.809"/>
</kw>
<kw name="UE Con Rel DU" library="Ran">
<msg timestamp="20211028 13:42:54.811" level="INFO">UE_con_rel_req_du_inti-UE CONTEXT RELEASE REQUEST {'Message_Type': 1, 'gNB_CU_UE_F1AP_ID': 5, 'gNB_DU_UE_F1AP_ID': 4, 'Cause': 'Unknown'}
*** Verified the UE CONTEXT SETUP failure ***</msg>
<status status="PASS" starttime="20211028 13:42:54.809" endtime="20211028 13:42:54.811"/>
</kw>
<status status="PASS" starttime="20211028 13:42:54.731" endtime="20211028 13:42:54.811"/>
</kw>
<kw name="Lock A Window Folder" library="5G_keyword">
<kw name="Lock" library="attach_function">
<msg timestamp="20211028 13:42:54.834" level="INFO">Locker folder has been successfully locked</msg>
<status status="PASS" starttime="20211028 13:42:54.813" endtime="20211028 13:42:54.834"/>
</kw>
<status status="PASS" starttime="20211028 13:42:54.812" endtime="20211028 13:42:54.834"/>
</kw>
<kw name="Unlock A Window Folder" library="5G_keyword">
<kw name="Unlock" library="attach_function">
<msg timestamp="20211028 13:42:54.859" level="INFO">Locker Folder has been Successfully Unlocked</msg>
<status status="PASS" starttime="20211028 13:42:54.836" endtime="20211028 13:42:54.859"/>
</kw>
<status status="PASS" starttime="20211028 13:42:54.835" endtime="20211028 13:42:54.860"/>
</kw>
<status status="PASS" starttime="20211028 13:42:54.728" endtime="20211028 13:42:54.864"/>
</test>
<status status="PASS" starttime="20211028 13:42:54.549" endtime="20211028 13:42:54.868"/>
</suite>
<statistics>
<total>
<stat pass="1" fail="0" skip="0">All Tests</stat>
</total>
<tag>
</tag>
<suite>
<stat pass="1" fail="0" skip="0" id="s1" name="5G Testsuite">5G Testsuite</stat>
</suite>
</statistics>
<errors>
</errors>
</robot>
