<?xml version="1.0" encoding="UTF-8"?>
<robot generator="Robot 4.1 (Python 3.8.5 on win32)" generated="20210923 10:49:16.067" rpa="false" schemaversion="2">
<suite id="s1" name="RACH testsuite" source="C:\Users\Admin\PycharmProjects\5G_Automation\Testsuite\RACH_testsuite.robot">
<test id="s1-t1" name="TC_attach_1.5: Combined EPS/IMSI attach">
<kw name="Copying Reqfile To Gnb" library="Attach_Keyword">
<kw name="Copy Req" library="attach_function">
<msg timestamp="20210923 10:49:16.740" level="INFO">Successfully copied Request.txt to gNB folder</msg>
<status status="PASS" starttime="20210923 10:49:16.599" endtime="20210923 10:49:16.740"/>
</kw>
<status status="PASS" starttime="20210923 10:49:16.599" endtime="20210923 10:49:16.741"/>
</kw>
<kw name="EPS Request Validation" library="Attach_Keyword">
<kw name="Eps Req Val" library="attach_function">
<msg timestamp="20210923 10:49:16.762" level="INFO">Attach Request:EPS attach type(IE)- Combined EPS/IMSI Attach Found In Response File</msg>
<status status="PASS" starttime="20210923 10:49:16.743" endtime="20210923 10:49:16.762"/>
</kw>
<status status="PASS" starttime="20210923 10:49:16.741" endtime="20210923 10:49:16.762"/>
</kw>
<kw name="Copying Resfile To Ue" library="Attach_Keyword">
<kw name="Copy Res" library="attach_function">
<msg timestamp="20210923 10:49:16.769" level="INFO">Successfully copied Response.txt to UE folder</msg>
<status status="PASS" starttime="20210923 10:49:16.763" endtime="20210923 10:49:16.769"/>
</kw>
<status status="PASS" starttime="20210923 10:49:16.763" endtime="20210923 10:49:16.769"/>
</kw>
<kw name="EPS Response Validation" library="Attach_Keyword">
<kw name="Eps Res Val" library="attach_function">
<msg timestamp="20210923 10:49:16.782" level="INFO">Attach accept:EPS attach Result(IE)- Combined EPS/IMSI Attach Found In Response File</msg>
<status status="PASS" starttime="20210923 10:49:16.770" endtime="20210923 10:49:16.782"/>
</kw>
<status status="PASS" starttime="20210923 10:49:16.770" endtime="20210923 10:49:16.783"/>
</kw>
<kw name="Deleting Printed Messages" library="Attach_Keyword">
<kw name="Delete" library="attach_function">
<msg timestamp="20210923 10:49:16.823" level="INFO">Messages has been successfully deleted</msg>
<status status="PASS" starttime="20210923 10:49:16.784" endtime="20210923 10:49:16.823"/>
</kw>
<status status="PASS" starttime="20210923 10:49:16.784" endtime="20210923 10:49:16.824"/>
</kw>
<kw name="EPS Request Validation" library="Attach_Keyword">
<kw name="Eps Req Val" library="attach_function">
<msg timestamp="20210923 10:49:16.834" level="FAIL">messages not found</msg>
<status status="FAIL" starttime="20210923 10:49:16.825" endtime="20210923 10:49:16.834"/>
</kw>
<status status="FAIL" starttime="20210923 10:49:16.824" endtime="20210923 10:49:16.835"/>
</kw>
<kw name="EPS Response Validation" library="Attach_Keyword">
<status status="NOT RUN" starttime="20210923 10:49:16.836" endtime="20210923 10:49:16.836"/>
</kw>
<status status="FAIL" starttime="20210923 10:49:16.598" endtime="20210923 10:49:16.837">messages not found</status>
</test>
<status status="FAIL" starttime="20210923 10:49:16.120" endtime="20210923 10:49:16.840"/>
</suite>
<statistics>
<total>
<stat pass="0" fail="1" skip="0">All Tests</stat>
</total>
<tag>
</tag>
<suite>
<stat pass="0" fail="1" skip="0" id="s1" name="RACH testsuite">RACH testsuite</stat>
</suite>
</statistics>
<errors>
</errors>
</robot>
